<?xml version="1.0" encoding="UTF-8"?>
<testng-results ignored="0" total="3" passed="3" failed="0" skipped="0">
  <reporter-output>
  </reporter-output>
  <suite started-at="2019-06-24T14:02:58Z" name="Suite" finished-at="2019-06-24T14:03:58Z" duration-ms="59587">
    <groups>
    </groups>
    <test started-at="2019-06-24T14:02:58Z" name="Test" finished-at="2019-06-24T14:03:58Z" duration-ms="59587">
      <class name="testCases.CreateUserPageTest">
        <test-method is-config="true" signature="beforeTest()[pri:0, instance:testCases.CreateUserPageTest@2f217633]" started-at="2019-06-24T14:02:58Z" name="beforeTest" finished-at="2019-06-24T14:02:58Z" duration-ms="0" status="PASS">
          <reporter-output>
          </reporter-output>
        </test-method> <!-- beforeTest -->
        <test-method is-config="true" signature="beforeClass()[pri:0, instance:testCases.CreateUserPageTest@2f217633]" started-at="2019-06-24T14:02:58Z" name="beforeClass" finished-at="2019-06-24T14:03:03Z" duration-ms="4834" status="PASS">
          <reporter-output>
          </reporter-output>
        </test-method> <!-- beforeClass -->
        <test-method is-config="true" signature="beforeMethod()[pri:0, instance:testCases.CreateUserPageTest@2f217633]" started-at="2019-06-24T14:03:03Z" name="beforeMethod" finished-at="2019-06-24T14:03:03Z" duration-ms="0" status="PASS">
          <reporter-output>
          </reporter-output>
        </test-method> <!-- beforeMethod -->
        <test-method signature="createUserByKeyTest(java.lang.String)[pri:0, instance:testCases.CreateUserPageTest@2f217633]" started-at="2019-06-24T14:03:03Z" name="createUserByKeyTest" data-provider="testData" finished-at="2019-06-24T14:03:57Z" duration-ms="54124" status="PASS">
          <params>
            <param index="0">
              <value>
                <![CDATA[testuser1561384983432]]>
              </value>
            </param>
          </params>
          <reporter-output>
          </reporter-output>
        </test-method> <!-- createUserByKeyTest -->
        <test-method is-config="true" signature="afterMethod()[pri:0, instance:testCases.CreateUserPageTest@2f217633]" started-at="2019-06-24T14:03:57Z" name="afterMethod" finished-at="2019-06-24T14:03:58Z" duration-ms="625" status="PASS">
          <reporter-output>
          </reporter-output>
        </test-method> <!-- afterMethod -->
        <test-method is-config="true" signature="afterClass()[pri:0, instance:testCases.CreateUserPageTest@2f217633]" started-at="2019-06-24T14:03:58Z" name="afterClass" finished-at="2019-06-24T14:03:58Z" duration-ms="1" status="PASS">
          <reporter-output>
          </reporter-output>
        </test-method> <!-- afterClass -->
        <test-method is-config="true" signature="afterTest()[pri:0, instance:testCases.CreateUserPageTest@2f217633]" started-at="2019-06-24T14:03:58Z" name="afterTest" finished-at="2019-06-24T14:03:58Z" duration-ms="0" status="PASS">
          <reporter-output>
          </reporter-output>
        </test-method> <!-- afterTest -->
      </class> <!-- testCases.CreateUserPageTest -->
    </test> <!-- Test -->
  </suite> <!-- Suite -->
  <suite started-at="2019-06-24T14:02:48Z" name="LoginPageTest" finished-at="2019-06-24T14:02:58Z" duration-ms="10222">
    <groups>
    </groups>
    <test started-at="2019-06-24T14:02:48Z" name="Test" finished-at="2019-06-24T14:02:58Z" duration-ms="10222">
      <class name="testCases.LoginPageTest">
        <test-method is-config="true" signature="beforeClass()[pri:0, instance:testCases.LoginPageTest@5403f35f]" started-at="2019-06-24T14:02:48Z" name="beforeClass" finished-at="2019-06-24T14:02:48Z" duration-ms="8" status="PASS">
          <reporter-output>
          </reporter-output>
        </test-method> <!-- beforeClass -->
        <test-method signature="f(java.lang.String, java.lang.String)[pri:0, instance:testCases.LoginPageTest@5403f35f]" started-at="2019-06-24T14:02:48Z" name="f" data-provider="accountInfo" finished-at="2019-06-24T14:02:57Z" duration-ms="9599" status="PASS">
          <params>
            <param index="0">
              <value>
                <![CDATA[z00354714]]>
              </value>
            </param>
            <param index="1">
              <value>
                <![CDATA[zyl2019_]]>
              </value>
            </param>
          </params>
          <reporter-output>
          </reporter-output>
        </test-method> <!-- f -->
        <test-method is-config="true" signature="BeforeMethon()[pri:0, instance:testCases.LoginPageTest@5403f35f]" started-at="2019-06-24T14:02:48Z" name="BeforeMethon" finished-at="2019-06-24T14:02:48Z" duration-ms="0" status="PASS">
          <reporter-output>
          </reporter-output>
        </test-method> <!-- BeforeMethon -->
        <test-method signature="f(java.lang.String, java.lang.String)[pri:0, instance:testCases.LoginPageTest@5403f35f]" started-at="2019-06-24T14:02:48Z" name="f" data-provider="accountInfo" finished-at="2019-06-24T14:02:54Z" duration-ms="6484" status="PASS">
          <params>
            <param index="0">
              <value>
                <![CDATA[15002991409]]>
              </value>
            </param>
            <param index="1">
              <value>
                <![CDATA[Test1234_]]>
              </value>
            </param>
          </params>
          <reporter-output>
          </reporter-output>
        </test-method> <!-- f -->
        <test-method is-config="true" signature="BeforeMethon()[pri:0, instance:testCases.LoginPageTest@5403f35f]" started-at="2019-06-24T14:02:48Z" name="BeforeMethon" finished-at="2019-06-24T14:02:48Z" duration-ms="0" status="PASS">
          <reporter-output>
          </reporter-output>
        </test-method> <!-- BeforeMethon -->
        <test-method is-config="true" signature="afterMethod()[pri:0, instance:testCases.LoginPageTest@5403f35f]" started-at="2019-06-24T14:02:54Z" name="afterMethod" finished-at="2019-06-24T14:02:55Z" duration-ms="586" status="PASS">
          <reporter-output>
          </reporter-output>
        </test-method> <!-- afterMethod -->
        <test-method is-config="true" signature="afterMethod()[pri:0, instance:testCases.LoginPageTest@5403f35f]" started-at="2019-06-24T14:02:57Z" name="afterMethod" finished-at="2019-06-24T14:02:58Z" duration-ms="591" status="PASS">
          <reporter-output>
          </reporter-output>
        </test-method> <!-- afterMethod -->
        <test-method is-config="true" signature="afterTest()[pri:0, instance:testCases.LoginPageTest@5403f35f]" started-at="2019-06-24T14:02:58Z" name="afterTest" finished-at="2019-06-24T14:02:58Z" duration-ms="1" status="PASS">
          <reporter-output>
          </reporter-output>
        </test-method> <!-- afterTest -->
      </class> <!-- testCases.LoginPageTest -->
    </test> <!-- Test -->
  </suite> <!-- LoginPageTest -->
  <suite started-at="2019-06-24T14:03:58Z" name="-" finished-at="2019-06-24T14:03:58Z" duration-ms="0">
    <groups>
    </groups>
  </suite> <!-- - -->
</testng-results>
