<?xml version="1.0" encoding="UTF-8"?>
<!-- Generated by org.testng.reporters.JUnitReportReporter -->
<testsuite hostname="2013-20120816RD" failures="0" tests="3" name="testCases.NewTest" time="0.005" errors="0" timestamp="09 6月 2019 13:59:56 GMT" skipped="0">
  <testcase classname="testCases.NewTest" name="f3" time="0.001"/>
  <testcase classname="testCases.NewTest" name="f" time="0.003"/>
  <testcase classname="testCases.NewTest" name="f2" time="0.001"/>
</testsuite> <!-- testCases.NewTest -->
